android/tess-two/build/outputs/logs/manifest-merger-release-report.txt
-- Merging decision tree log ---
manifest
ADDED from android/tess-two/AndroidManifest.xml:17:1-19:12
INJECTED from android/tess-two/AndroidManifest.xml:17:1-19:12
INJECTED from android/tess-two/AndroidManifest.xml:17:1-19:12
INJECTED from android/tess-two/AndroidManifest.xml:17:1-19:12
INJECTED from android/tess-two/AndroidManifest.xml:17:1-19:12
INJECTED from android/tess-two/AndroidManifest.xml:17:1-19:12
INJECTED from android/tess-two/AndroidManifest.xml:17:1-19:12
	package
		ADDED from android/tess-two/AndroidManifest.xml:17:11-53
		INJECTED from android/tess-two/AndroidManifest.xml
		INJECTED from android/tess-two/AndroidManifest.xml
	android:versionName
		INJECTED from android/tess-two/AndroidManifest.xml
		ADDED from android/tess-two/AndroidManifest.xml:17:1-19:12
		INJECTED from android/tess-two/AndroidManifest.xml
	xmlns:android
		ADDED from android/tess-two/AndroidManifest.xml:17:1-19:12
	android:versionCode
		INJECTED from android/tess-two/AndroidManifest.xml
		ADDED from android/tess-two/AndroidManifest.xml:17:1-19:12
		INJECTED from android/tess-two/AndroidManifest.xml
uses-sdk
INJECTED from android/tess-two/AndroidManifest.xml reason: use-sdk injection requested
INJECTED from android/tess-two/AndroidManifest.xml
INJECTED from android/tess-two/AndroidManifest.xml
INJECTED from android/tess-two/AndroidManifest.xml
INJECTED from android/tess-two/AndroidManifest.xml
	android:targetSdkVersion
		INJECTED from android/tess-two/AndroidManifest.xml
		ADDED from android/tess-two/AndroidManifest.xml
		INJECTED from android/tess-two/AndroidManifest.xml
	android:minSdkVersion
		INJECTED from android/tess-two/AndroidManifest.xml
		ADDED from android/tess-two/AndroidManifest.xml
		INJECTED from android/tess-two/AndroidManifest.xml